SF:lib\repositories\cart_data.dart
DA:3,7
DA:11,4
DA:14,15
DA:15,12
DA:16,3
DA:22,4
DA:24,20
DA:26,4
DA:27,12
DA:30,2
DA:32,8
DA:33,8
DA:34,4
DA:35,4
DA:40,3
DA:41,3
DA:43,12
DA:44,6
DA:45,9
DA:46,9
DA:47,9
DA:50,3
DA:51,9
DA:53,9
DA:54,18
DA:60,6
DA:66,4
DA:68,8
DA:69,8
DA:70,4
DA:75,2
DA:76,4
DA:77,4
DA:79,1
DA:81,1
DA:83,1
DA:84,0
DA:91,2
DA:93,2
DA:94,2
DA:95,0
DA:101,2
DA:103,2
DA:112,2
DA:113,2
DA:116,2
DA:118,2
DA:120,2
DA:123,2
DA:124,8
DA:136,0
DA:137,0
DA:146,4
DA:154,3
DA:161,1
DA:162,1
DA:171,1
DA:173,1
DA:174,3
DA:175,3
DA:176,3
DA:177,3
DA:180,0
DA:181,0
DA:182,0
DA:185,0
DA:186,0
DA:187,0
DA:190,1
DA:193,4
DA:194,1
DA:195,1
DA:197,1
DA:198,1
DA:200,1
DA:202,2
DA:205,1
DA:207,1
DA:209,1
DA:211,2
DA:215,1
DA:217,1
DA:219,1
DA:221,2
DA:225,1
DA:227,1
DA:229,1
DA:231,1
DA:232,1
DA:234,1
DA:237,0
DA:240,1
DA:242,4
DA:244,1
DA:246,1
DA:249,0
DA:256,1
DA:258,1
DA:260,1
DA:262,6
LF:100
LH:88
end_of_record
SF:lib\repositories\collection_data.dart
DA:7,3
DA:17,0
DA:18,0
DA:21,3
DA:23,3
DA:24,9
DA:25,12
DA:26,6
DA:32,2
DA:34,2
DA:35,10
DA:36,6
DA:37,4
DA:43,3
DA:45,3
DA:47,6
DA:49,0
DA:50,0
DA:51,0
DA:57,3
DA:58,6
DA:62,12
DA:63,6
DA:64,8
DA:65,10
DA:67,2
DA:68,4
DA:71,6
DA:77,9
DA:78,9
DA:79,11
DA:80,15
DA:81,3
DA:82,9
DA:83,6
DA:84,3
DA:85,9
DA:86,6
DA:98,1
DA:99,1
DA:101,1
DA:102,2
DA:103,4
DA:104,4
DA:105,4
DA:106,4
DA:108,4
DA:109,4
DA:110,4
DA:111,4
DA:113,3
DA:114,6
DA:117,1
DA:118,3
DA:119,6
DA:120,1
DA:121,2
DA:124,3
DA:125,1
DA:127,2
DA:128,0
DA:130,1
DA:131,4
DA:132,2
DA:138,1
DA:139,1
DA:140,2
DA:141,1
DA:144,1
DA:145,2
LF:70
LH:64
end_of_record
SF:lib\models\prod_display.dart
DA:10,9
DA:12,1
DA:13,3
DA:14,3
DA:15,3
DA:16,3
DA:17,3
DA:18,1
DA:22,2
DA:24,4
DA:25,4
DA:27,4
DA:28,2
DA:29,2
DA:34,2
DA:35,0
DA:36,4
DA:38,4
LF:18
LH:17
end_of_record
SF:lib\repositories\collections_data.dart
DA:5,12
DA:13,4
DA:14,4
DA:17,2
DA:18,2
DA:19,2
DA:20,4
DA:21,8
DA:22,8
DA:24,6
DA:25,8
DA:28,4
DA:31,3
DA:32,3
DA:33,6
DA:34,3
DA:37,3
DA:38,6
DA:48,2
DA:50,0
DA:51,0
DA:52,0
DA:55,1
DA:58,1
DA:61,1
DA:62,3
DA:64,4
LF:27
LH:24
end_of_record
SF:lib\models\navigation.dart
DA:6,2
DA:8,10
DA:9,10
DA:15,10
DA:17,10
DA:18,20
DA:21,10
DA:22,20
DA:23,10
DA:24,20
DA:27,0
DA:31,10
DA:33,20
DA:34,20
DA:36,3
DA:37,3
DA:38,3
DA:40,3
DA:41,3
DA:42,3
DA:43,3
DA:44,3
DA:45,3
DA:46,3
DA:51,3
DA:53,3
DA:54,3
DA:55,3
DA:56,3
DA:57,3
DA:58,3
DA:59,3
DA:60,6
DA:63,2
DA:66,2
DA:67,2
DA:69,4
DA:70,4
DA:71,2
DA:72,0
DA:74,0
DA:80,3
DA:81,3
DA:82,6
DA:90,7
DA:93,7
DA:94,7
DA:99,7
DA:101,0
DA:104,7
DA:106,0
DA:109,7
DA:110,7
DA:111,7
DA:112,14
DA:118,7
DA:121,7
DA:122,7
DA:124,14
DA:125,14
DA:126,7
DA:127,0
DA:129,0
DA:135,7
DA:137,0
DA:140,7
DA:142,0
DA:145,7
DA:147,7
DA:150,7
DA:152,0
DA:154,7
DA:156,0
DA:158,7
DA:160,0
DA:169,2
DA:171,0
DA:175,9
DA:178,18
DA:179,18
DA:181,3
DA:185,3
DA:206,6
LF:83
LH:70
end_of_record
SF:lib\models\products.dart
DA:3,7
DA:69,2
DA:70,4
DA:71,3
LF:4
LH:4
end_of_record
SF:lib\repositories\search_data.dart
DA:12,3
DA:13,3
DA:15,6
DA:16,1
DA:17,2
DA:19,1
DA:20,2
DA:21,2
DA:22,2
DA:23,2
DA:24,2
DA:25,2
DA:26,2
DA:31,2
DA:32,4
DA:33,6
DA:34,12
DA:39,3
LF:18
LH:18
end_of_record
SF:lib\main.dart
DA:16,0
DA:17,0
DA:21,1
DA:23,0
DA:25,0
DA:28,0
DA:29,0
DA:31,0
DA:33,0
DA:34,0
DA:35,0
DA:36,0
DA:37,0
DA:38,0
DA:39,0
DA:40,0
DA:41,0
DA:42,0
DA:43,0
DA:44,0
DA:51,0
DA:53,0
DA:57,0
DA:59,0
DA:60,0
DA:61,0
DA:64,0
DA:66,0
DA:76,0
DA:77,0
DA:79,0
DA:81,0
DA:82,0
DA:91,0
DA:93,0
DA:94,0
DA:96,0
DA:103,0
DA:105,0
DA:112,0
DA:113,0
DA:114,0
DA:127,0
DA:128,0
DA:129,0
DA:130,0
DA:131,0
DA:133,0
DA:136,0
DA:137,0
DA:139,0
DA:145,0
DA:147,0
DA:159,0
DA:160,0
DA:161,0
DA:162,0
DA:163,0
DA:165,0
DA:166,0
DA:168,0
DA:174,0
DA:176,0
DA:188,0
DA:189,0
DA:190,0
DA:191,0
DA:192,0
DA:194,0
DA:195,0
DA:197,0
DA:203,0
DA:205,0
DA:213,0
DA:214,0
DA:216,0
DA:222,0
DA:224,0
DA:235,0
DA:236,0
DA:237,0
DA:247,0
DA:248,0
DA:249,0
DA:250,0
DA:253,0
DA:257,0
DA:258,0
DA:259,0
DA:260,0
DA:261,0
DA:269,0
DA:270,0
DA:272,0
DA:273,0
DA:274,0
DA:275,0
DA:276,0
DA:278,0
DA:280,0
DA:284,0
DA:285,0
DA:286,0
DA:292,0
DA:295,0
DA:297,0
DA:298,0
DA:300,0
DA:301,0
DA:307,0
DA:308,0
DA:309,0
DA:315,0
DA:320,0
LF:114
LH:1
end_of_record
SF:lib\views\about.dart
DA:5,1
DA:7,0
DA:11,1
DA:13,2
DA:14,2
DA:15,1
DA:16,1
DA:17,1
DA:18,1
DA:20,1
DA:23,1
DA:25,1
DA:26,1
DA:28,1
DA:32,0
DA:33,0
DA:36,0
DA:37,0
DA:41,1
DA:42,1
DA:46,1
DA:47,1
LF:22
LH:17
end_of_record
SF:lib\views\account_login.dart
DA:5,1
DA:7,0
DA:11,0
DA:13,0
DA:14,0
DA:16,0
DA:17,0
DA:18,0
DA:20,0
DA:22,0
DA:24,0
DA:26,0
DA:27,0
DA:31,0
DA:33,0
DA:34,0
DA:40,0
DA:42,0
DA:45,0
DA:46,0
DA:47,0
DA:61,0
DA:62,0
DA:63,0
LF:24
LH:1
end_of_record
SF:lib\views\cart.dart
DA:7,1
DA:9,1
DA:11,1
DA:16,1
DA:17,2
DA:18,4
DA:19,5
DA:23,0
DA:24,0
DA:25,0
DA:26,0
DA:27,0
DA:29,0
DA:32,1
DA:34,2
DA:35,1
DA:37,2
DA:38,2
DA:39,1
DA:40,1
DA:41,1
DA:43,1
DA:47,1
DA:49,1
DA:52,2
DA:54,1
DA:57,1
DA:58,2
DA:59,1
LF:29
LH:23
end_of_record
SF:lib\views\collections.dart
DA:7,1
DA:9,1
DA:11,1
DA:17,0
DA:21,0
DA:22,0
DA:23,0
DA:27,1
DA:29,1
DA:30,4
DA:33,1
DA:35,2
DA:36,2
DA:37,2
DA:38,1
DA:39,1
DA:40,1
DA:42,1
DA:44,1
DA:47,3
DA:50,1
DA:51,2
DA:52,1
DA:53,2
DA:56,1
DA:59,2
DA:60,3
LF:27
LH:23
end_of_record
SF:lib\views\collection.dart
DA:10,1
DA:12,1
DA:14,1
DA:22,0
DA:23,0
DA:24,0
DA:25,0
DA:30,0
DA:31,0
DA:32,0
DA:33,0
DA:38,0
DA:39,0
DA:40,0
DA:44,1
DA:46,1
DA:47,2
DA:48,2
DA:49,4
DA:52,1
DA:54,2
DA:55,1
DA:56,2
DA:59,1
DA:61,2
DA:62,1
DA:63,2
DA:66,1
DA:68,2
DA:69,2
DA:71,2
DA:72,2
DA:73,1
DA:74,1
DA:75,1
DA:77,1
DA:81,1
DA:84,1
DA:85,4
DA:90,1
DA:93,1
DA:95,1
DA:97,1
DA:98,1
DA:99,1
DA:100,2
DA:103,1
DA:106,1
DA:107,1
DA:109,2
DA:110,2
DA:111,1
DA:112,0
DA:113,0
DA:114,0
DA:115,0
DA:123,1
DA:124,1
DA:125,1
DA:126,2
DA:129,1
DA:132,1
DA:133,1
DA:135,2
DA:136,2
DA:137,1
DA:138,0
DA:139,0
DA:140,0
DA:141,0
DA:149,0
DA:151,0
DA:153,0
DA:154,0
DA:155,0
DA:156,0
DA:159,0
DA:162,0
DA:163,0
DA:165,0
DA:166,0
DA:167,0
DA:168,0
DA:169,0
DA:170,0
DA:171,0
DA:179,0
DA:180,0
DA:181,0
DA:182,0
DA:185,0
DA:188,0
DA:189,0
DA:191,0
DA:192,0
DA:193,0
DA:194,0
DA:195,0
DA:196,0
DA:197,0
DA:207,1
DA:208,2
DA:209,1
DA:210,2
DA:213,1
DA:216,2
DA:217,3
DA:221,1
DA:224,2
DA:225,2
DA:226,2
DA:228,4
DA:230,2
DA:233,0
DA:235,0
DA:236,0
DA:237,0
DA:238,0
LF:118
LH:64
end_of_record
SF:lib\views\sale.dart
DA:10,1
DA:12,1
DA:13,1
DA:20,1
DA:22,1
DA:23,2
DA:24,2
DA:27,1
DA:28,2
DA:29,1
DA:30,2
DA:33,1
DA:34,2
DA:35,1
DA:36,2
DA:39,0
DA:43,1
DA:45,2
DA:46,2
DA:47,1
DA:48,1
DA:49,1
DA:51,1
DA:53,1
DA:55,1
DA:57,1
DA:58,2
DA:64,1
DA:67,0
DA:69,0
DA:71,0
DA:72,0
DA:73,0
DA:74,0
DA:77,0
DA:80,0
DA:81,0
DA:83,0
DA:84,0
DA:85,0
DA:91,0
DA:92,0
DA:93,0
DA:94,0
DA:97,0
DA:100,0
DA:101,0
DA:103,0
DA:104,0
DA:105,0
DA:111,1
DA:113,1
DA:115,1
DA:116,1
DA:117,1
DA:118,2
DA:121,1
DA:124,1
DA:125,1
DA:127,2
DA:128,2
DA:129,1
DA:135,1
DA:136,1
DA:137,1
DA:138,2
DA:141,1
DA:144,1
DA:145,1
DA:147,2
DA:148,2
DA:149,1
DA:157,1
DA:159,1
DA:163,1
DA:164,2
DA:165,0
DA:166,4
DA:167,2
DA:168,0
DA:169,4
DA:170,2
DA:171,0
DA:172,4
DA:173,2
DA:174,0
DA:175,4
DA:176,2
DA:177,0
DA:178,4
DA:179,2
DA:180,0
DA:181,4
DA:182,2
DA:183,0
DA:184,4
DA:185,2
DA:186,0
DA:187,4
DA:188,2
DA:189,0
DA:190,4
DA:194,1
DA:195,1
DA:197,1
DA:198,2
DA:199,2
LF:107
LH:75
end_of_record
SF:lib\views\product_page.dart
DA:7,1
DA:9,1
DA:10,1
DA:16,0
DA:17,0
DA:20,0
DA:22,0
DA:23,0
DA:26,0
DA:27,0
DA:28,0
DA:30,0
DA:33,1
DA:35,6
DA:36,4
DA:37,2
DA:38,2
DA:39,1
DA:40,1
DA:41,1
DA:43,1
DA:45,1
DA:58,1
DA:60,1
DA:61,1
DA:63,1
DA:65,1
DA:68,1
DA:69,1
DA:70,1
DA:72,1
DA:73,1
DA:74,1
DA:75,2
DA:77,0
DA:78,0
DA:79,0
DA:103,1
DA:106,1
DA:107,2
DA:108,1
DA:115,1
DA:118,1
DA:119,2
DA:120,1
DA:127,1
DA:130,1
DA:132,1
DA:138,1
DA:139,1
DA:140,2
DA:141,1
DA:151,1
DA:153,0
DA:154,0
DA:155,0
DA:157,0
DA:159,0
DA:160,0
DA:161,0
DA:162,0
DA:166,0
DA:167,0
DA:168,0
DA:172,0
DA:177,1
DA:179,1
DA:180,2
DA:182,1
DA:183,0
DA:184,0
DA:188,3
DA:189,1
DA:190,0
DA:194,1
LF:75
LH:48
end_of_record
SF:lib\views\payment.dart
DA:5,1
DA:7,0
DA:9,0
DA:10,0
DA:11,0
DA:12,0
DA:13,0
DA:15,0
DA:17,0
DA:20,0
LF:10
LH:1
end_of_record
SF:lib\views\the_print_shack.dart
DA:8,1
DA:10,1
DA:12,1
DA:19,1
DA:21,1
DA:22,2
DA:23,4
DA:26,0
DA:27,0
DA:28,0
DA:31,1
DA:33,2
DA:34,2
DA:35,1
DA:36,1
DA:37,1
DA:39,1
DA:41,1
DA:42,2
DA:43,3
DA:46,1
DA:47,2
DA:48,1
DA:49,2
DA:52,1
DA:55,1
DA:56,1
DA:58,2
DA:59,2
DA:60,1
DA:61,0
DA:63,0
DA:64,0
DA:65,0
DA:66,0
DA:74,3
DA:76,1
DA:77,0
LF:38
LH:29
end_of_record
SF:lib\views\print_shack_about.dart
DA:5,1
DA:7,0
DA:9,0
DA:10,0
DA:11,0
DA:12,0
DA:13,0
DA:15,0
DA:17,0
DA:20,0
DA:22,0
DA:23,0
LF:12
LH:1
end_of_record
SF:lib\views\search.dart
DA:7,1
DA:9,1
DA:11,1
DA:18,0
DA:19,0
DA:20,0
DA:23,1
DA:25,2
DA:26,2
DA:27,1
DA:28,1
DA:29,1
DA:31,1
DA:32,1
DA:33,1
DA:34,1
DA:35,1
DA:36,2
DA:39,1
DA:40,1
DA:41,3
DA:42,1
DA:43,1
LF:23
LH:20
end_of_record
SF:lib\models\personalise_data.dart
DA:8,3
DA:11,1
DA:14,1
DA:15,4
DA:16,4
DA:18,3
DA:19,3
DA:23,1
DA:24,3
DA:25,1
DA:26,3
DA:28,2
DA:31,1
DA:34,1
DA:35,1
DA:36,2
DA:37,1
DA:40,1
DA:41,2
DA:44,1
DA:45,2
DA:46,1
DA:47,2
LF:23
LH:23
end_of_record
